{"D:\\Users\\konagire\\Documents\\meal\\meal_assignment\\src\\App.vue": {"path":"D:\\Users\\konagire\\Documents\\meal\\meal_assignment\\src\\App.vue","statementMap":{"0":{"start":{"line":1,"column":1},"end":{"line":41,"column":4}},"1":{"start":{"line":4,"column":0},"end":{"line":6,"column":3}},"2":{"start":{"line":7,"column":0},"end":{"line":7,"column":25}},"3":{"start":{"line":9,"column":18},"end":{"line":9,"column":41}},"4":{"start":{"line":23,"column":15},"end":{"line":39,"column":1}},"5":{"start":{"line":31,"column":4},"end":{"line":36,"column":6}},"6":{"start":{"line":40,"column":0},"end":{"line":40,"column":27}},"7":{"start":{"line":42,"column":20},"end":{"line":42,"column":89}},"8":{"start":{"line":42,"column":114},"end":{"line":42,"column":187}},"9":{"start":{"line":43,"column":0},"end":{"line":43,"column":364}},"10":{"start":{"line":43,"column":54},"end":{"line":43,"column":58}},"11":{"start":{"line":43,"column":66},"end":{"line":43,"column":84}},"12":{"start":{"line":43,"column":92},"end":{"line":43,"column":108}},"13":{"start":{"line":43,"column":109},"end":{"line":43,"column":363}},"14":{"start":{"line":44,"column":0},"end":{"line":44,"column":37}}},"fnMap":{"0":{"name":"(anonymous_0)","decl":{"start":{"line":1,"column":2},"end":{"line":1,"column":3}},"loc":{"start":{"line":1,"column":12},"end":{"line":41,"column":1}},"line":1},"1":{"name":"(anonymous_1)","decl":{"start":{"line":30,"column":2},"end":{"line":30,"column":3}},"loc":{"start":{"line":30,"column":9},"end":{"line":37,"column":3}},"line":30},"2":{"name":"render","decl":{"start":{"line":43,"column":35},"end":{"line":43,"column":41}},"loc":{"start":{"line":43,"column":45},"end":{"line":43,"column":364}},"line":43}},"branchMap":{"0":{"loc":{"start":{"line":42,"column":20},"end":{"line":42,"column":89}},"type":"cond-expr","locations":[{"start":{"line":42,"column":50},"end":{"line":42,"column":72}},{"start":{"line":42,"column":75},"end":{"line":42,"column":89}}],"line":42},"1":{"loc":{"start":{"line":42,"column":114},"end":{"line":42,"column":187}},"type":"cond-expr","locations":[{"start":{"line":42,"column":151},"end":{"line":42,"column":172}},{"start":{"line":42,"column":174},"end":{"line":42,"column":187}}],"line":42},"2":{"loc":{"start":{"line":43,"column":92},"end":{"line":43,"column":108}},"type":"binary-expr","locations":[{"start":{"line":43,"column":92},"end":{"line":43,"column":104}},{"start":{"line":43,"column":106},"end":{"line":43,"column":108}}],"line":43}},"s":{"0":1,"1":1,"2":1,"3":1,"4":1,"5":8,"6":1,"7":1,"8":1,"9":1,"10":8,"11":8,"12":8,"13":8,"14":1},"f":{"0":1,"1":8,"2":8},"b":{"0":[1,0],"1":[0,1],"2":[8,0]},"_coverageSchema":"43e27e138ebf9cfc5966b082cf9a028302ed4184","hash":"aedf84c2667550c3d84ab469b2152f094ce4eea3"}
,"D:\\Users\\konagire\\Documents\\meal\\meal_assignment\\src\\components\\index.js": {"path":"D:\\Users\\konagire\\Documents\\meal\\meal_assignment\\src\\components\\index.js","statementMap":{},"fnMap":{},"branchMap":{},"s":{},"f":{},"b":{},"_coverageSchema":"43e27e138ebf9cfc5966b082cf9a028302ed4184","hash":"3a5d8692b3596bfc602034d36bfe92c72bb26100"}
,"D:\\Users\\konagire\\Documents\\meal\\meal_assignment\\src\\components\\cards\\detail-recipe.vue": {"path":"D:\\Users\\konagire\\Documents\\meal\\meal_assignment\\src\\components\\cards\\detail-recipe.vue","statementMap":{"0":{"start":{"line":80,"column":0},"end":{"line":80,"column":null}},"1":{"start":{"line":92,"column":0},"end":{"line":92,"column":null}},"2":{"start":{"line":93,"column":0},"end":{"line":93,"column":null}},"3":{"start":{"line":94,"column":0},"end":{"line":96,"column":null}},"4":{"start":{"line":95,"column":0},"end":{"line":95,"column":null}},"5":{"start":{"line":97,"column":0},"end":{"line":97,"column":null}},"6":{"start":{"line":100,"column":0},"end":{"line":100,"column":null}},"7":{"start":{"line":103,"column":0},"end":{"line":103,"column":null}}},"fnMap":{"0":{"name":"(anonymous_1)","decl":{"start":{"line":79,"column":0},"end":{"line":79,"column":null}},"loc":{"start":{"line":79,"column":0},"end":{"line":81,"column":null}}},"1":{"name":"(anonymous_2)","decl":{"start":{"line":91,"column":0},"end":{"line":91,"column":null}},"loc":{"start":{"line":91,"column":0},"end":{"line":98,"column":null}}},"2":{"name":"(anonymous_3)","decl":{"start":{"line":99,"column":0},"end":{"line":99,"column":null}},"loc":{"start":{"line":99,"column":0},"end":{"line":101,"column":null}}},"3":{"name":"(anonymous_4)","decl":{"start":{"line":102,"column":0},"end":{"line":102,"column":null}},"loc":{"start":{"line":102,"column":0},"end":{"line":104,"column":null}}}},"branchMap":{"0":{"loc":{"start":{"line":94,"column":0},"end":{"line":96,"column":null}},"type":"if","locations":[{"start":{"line":94,"column":0},"end":{"line":96,"column":null}},{"start":{"line":94,"column":0},"end":{"line":96,"column":null}}]},"1":{"loc":{"start":{"line":100,"column":0},"end":{"line":100,"column":null}},"type":"binary-expr","locations":[{"start":{"line":100,"column":0},"end":{"line":100,"column":null}},{"start":{"line":100,"column":0},"end":{"line":100,"column":null}}]}},"s":{"0":10,"1":620,"2":620,"3":620,"4":180,"5":440,"6":620,"7":1},"f":{"0":10,"1":620,"2":620,"3":1},"b":{"0":[180,440],"1":[620,620]}}
,"D:\\Users\\konagire\\Documents\\meal\\meal_assignment\\src\\router\\index.js": {"path":"D:\\Users\\konagire\\Documents\\meal\\meal_assignment\\src\\router\\index.js","statementMap":{"0":{"start":{"line":5,"column":0},"end":{"line":5,"column":19}},"1":{"start":{"line":7,"column":15},"end":{"line":13,"column":1}},"2":{"start":{"line":15,"column":15},"end":{"line":19,"column":2}}},"fnMap":{},"branchMap":{},"s":{"0":1,"1":1,"2":1},"f":{},"b":{},"_coverageSchema":"43e27e138ebf9cfc5966b082cf9a028302ed4184","hash":"a45103ad1a31bbe803adee5e4bfed1f5bc14533f"}
,"D:\\Users\\konagire\\Documents\\meal\\meal_assignment\\src\\services\\common\\http-client\\http-client.js": {"path":"D:\\Users\\konagire\\Documents\\meal\\meal_assignment\\src\\services\\common\\http-client\\http-client.js","statementMap":{"0":{"start":{"line":3,"column":19},"end":{"line":3,"column":60}},"1":{"start":{"line":9,"column":15},"end":{"line":12,"column":1}},"2":{"start":{"line":20,"column":19},"end":{"line":20,"column":39}},"3":{"start":{"line":29,"column":24},"end":{"line":32,"column":1}},"4":{"start":{"line":31,"column":2},"end":{"line":31,"column":16}},"5":{"start":{"line":34,"column":26},"end":{"line":37,"column":1}},"6":{"start":{"line":36,"column":2},"end":{"line":36,"column":16}},"7":{"start":{"line":40,"column":0},"end":{"line":40,"column":53}},"8":{"start":{"line":41,"column":0},"end":{"line":41,"column":55}},"9":{"start":{"line":44,"column":0},"end":{"line":52,"column":2}},"10":{"start":{"line":46,"column":4},"end":{"line":46,"column":20}},"11":{"start":{"line":50,"column":4},"end":{"line":50,"column":33}}},"fnMap":{"0":{"name":"(anonymous_0)","decl":{"start":{"line":29,"column":24},"end":{"line":29,"column":25}},"loc":{"start":{"line":29,"column":34},"end":{"line":32,"column":1}},"line":29},"1":{"name":"(anonymous_1)","decl":{"start":{"line":34,"column":26},"end":{"line":34,"column":27}},"loc":{"start":{"line":34,"column":36},"end":{"line":37,"column":1}},"line":34},"2":{"name":"(anonymous_2)","decl":{"start":{"line":45,"column":2},"end":{"line":45,"column":3}},"loc":{"start":{"line":45,"column":14},"end":{"line":47,"column":3}},"line":45},"3":{"name":"(anonymous_3)","decl":{"start":{"line":48,"column":2},"end":{"line":48,"column":3}},"loc":{"start":{"line":48,"column":11},"end":{"line":51,"column":3}},"line":48}},"branchMap":{},"s":{"0":4,"1":4,"2":4,"3":4,"4":5,"5":4,"6":5,"7":4,"8":4,"9":4,"10":0,"11":0},"f":{"0":5,"1":5,"2":0,"3":0},"b":{},"_coverageSchema":"43e27e138ebf9cfc5966b082cf9a028302ed4184","hash":"9aef4e78f25a3899da86ba0355b90ac98f2f07e5"}
,"D:\\Users\\konagire\\Documents\\meal\\meal_assignment\\src\\services\\meal-recipes\\meal-recipes.js": {"path":"D:\\Users\\konagire\\Documents\\meal\\meal_assignment\\src\\services\\meal-recipes\\meal-recipes.js","statementMap":{"0":{"start":{"line":3,"column":22},"end":{"line":5,"column":1}},"1":{"start":{"line":4,"column":2},"end":{"line":4,"column":61}},"2":{"start":{"line":4,"column":51},"end":{"line":4,"column":59}},"3":{"start":{"line":6,"column":28},"end":{"line":8,"column":1}},"4":{"start":{"line":7,"column":2},"end":{"line":7,"column":77}},"5":{"start":{"line":7,"column":67},"end":{"line":7,"column":75}}},"fnMap":{"0":{"name":"(anonymous_0)","decl":{"start":{"line":3,"column":22},"end":{"line":3,"column":23}},"loc":{"start":{"line":3,"column":28},"end":{"line":5,"column":1}},"line":3},"1":{"name":"(anonymous_1)","decl":{"start":{"line":4,"column":44},"end":{"line":4,"column":45}},"loc":{"start":{"line":4,"column":51},"end":{"line":4,"column":59}},"line":4},"2":{"name":"(anonymous_2)","decl":{"start":{"line":6,"column":28},"end":{"line":6,"column":29}},"loc":{"start":{"line":6,"column":42},"end":{"line":8,"column":1}},"line":6},"3":{"name":"(anonymous_3)","decl":{"start":{"line":7,"column":60},"end":{"line":7,"column":61}},"loc":{"start":{"line":7,"column":67},"end":{"line":7,"column":75}},"line":7}},"branchMap":{},"s":{"0":3,"1":6,"2":1,"3":3,"4":1,"5":1},"f":{"0":6,"1":1,"2":1,"3":1},"b":{},"_coverageSchema":"43e27e138ebf9cfc5966b082cf9a028302ed4184","hash":"f0d5891711a722d569edccd7e976ab836f446405"}
,"D:\\Users\\konagire\\Documents\\meal\\meal_assignment\\src\\views\\Home.vue": {"path":"D:\\Users\\konagire\\Documents\\meal\\meal_assignment\\src\\views\\Home.vue","statementMap":{"0":{"start":{"line":39,"column":0},"end":{"line":39,"column":null}},"1":{"start":{"line":43,"column":0},"end":{"line":43,"column":null}},"2":{"start":{"line":44,"column":0},"end":{"line":44,"column":null}},"3":{"start":{"line":51,"column":0},"end":{"line":51,"column":null}},"4":{"start":{"line":62,"column":0},"end":{"line":64,"column":null}},"5":{"start":{"line":63,"column":0},"end":{"line":63,"column":null}},"6":{"start":{"line":65,"column":0},"end":{"line":65,"column":null}},"7":{"start":{"line":70,"column":0},"end":{"line":70,"column":null}},"8":{"start":{"line":71,"column":0},"end":{"line":71,"column":null}},"9":{"start":{"line":72,"column":0},"end":{"line":72,"column":null}},"10":{"start":{"line":73,"column":0},"end":{"line":73,"column":null}},"11":{"start":{"line":77,"column":0},"end":{"line":79,"column":null}},"12":{"start":{"line":78,"column":0},"end":{"line":78,"column":null}},"13":{"start":{"line":80,"column":0},"end":{"line":82,"column":null}},"14":{"start":{"line":81,"column":0},"end":{"line":81,"column":null}},"15":{"start":{"line":86,"column":0},"end":{"line":89,"column":null}},"16":{"start":{"line":87,"column":0},"end":{"line":87,"column":null}},"17":{"start":{"line":88,"column":0},"end":{"line":88,"column":null}},"18":{"start":{"line":90,"column":0},"end":{"line":92,"column":null}},"19":{"start":{"line":91,"column":0},"end":{"line":91,"column":null}},"20":{"start":{"line":93,"column":0},"end":{"line":93,"column":null}},"21":{"start":{"line":94,"column":0},"end":{"line":100,"column":null}},"22":{"start":{"line":96,"column":0},"end":{"line":96,"column":null}},"23":{"start":{"line":99,"column":0},"end":{"line":99,"column":null}},"24":{"start":{"line":100,"column":0},"end":{"line":100,"column":null}}},"fnMap":{"0":{"name":"(anonymous_1)","decl":{"start":{"line":50,"column":0},"end":{"line":50,"column":null}},"loc":{"start":{"line":50,"column":0},"end":{"line":59,"column":null}}},"1":{"name":"(anonymous_2)","decl":{"start":{"line":61,"column":0},"end":{"line":61,"column":null}},"loc":{"start":{"line":61,"column":0},"end":{"line":66,"column":null}}},"2":{"name":"(anonymous_3)","decl":{"start":{"line":69,"column":0},"end":{"line":69,"column":null}},"loc":{"start":{"line":69,"column":0},"end":{"line":74,"column":null}}},"3":{"name":"(anonymous_4)","decl":{"start":{"line":76,"column":0},"end":{"line":76,"column":null}},"loc":{"start":{"line":76,"column":0},"end":{"line":83,"column":null}}},"4":{"name":"(anonymous_5)","decl":{"start":{"line":77,"column":0},"end":{"line":77,"column":null}},"loc":{"start":{"line":77,"column":0},"end":{"line":79,"column":null}}},"5":{"name":"(anonymous_6)","decl":{"start":{"line":85,"column":0},"end":{"line":85,"column":null}},"loc":{"start":{"line":85,"column":0},"end":{"line":102,"column":null}}},"6":{"name":"(anonymous_7)","decl":{"start":{"line":94,"column":0},"end":{"line":94,"column":null}},"loc":{"start":{"line":94,"column":0},"end":{"line":97,"column":null}}},"7":{"name":"(anonymous_8)","decl":{"start":{"line":97,"column":0},"end":{"line":97,"column":null}},"loc":{"start":{"line":97,"column":0},"end":{"line":100,"column":null}}},"8":{"name":"(anonymous_9)","decl":{"start":{"line":100,"column":0},"end":{"line":100,"column":null}},"loc":{"start":{"line":100,"column":0},"end":{"line":100,"column":null}}}},"branchMap":{"0":{"loc":{"start":{"line":62,"column":0},"end":{"line":64,"column":null}},"type":"if","locations":[{"start":{"line":62,"column":0},"end":{"line":64,"column":null}},{"start":{"line":62,"column":0},"end":{"line":64,"column":null}}]},"1":{"loc":{"start":{"line":71,"column":0},"end":{"line":71,"column":null}},"type":"if","locations":[{"start":{"line":71,"column":0},"end":{"line":71,"column":null}},{"start":{"line":71,"column":0},"end":{"line":71,"column":null}}]},"2":{"loc":{"start":{"line":80,"column":0},"end":{"line":82,"column":null}},"type":"if","locations":[{"start":{"line":80,"column":0},"end":{"line":82,"column":null}},{"start":{"line":80,"column":0},"end":{"line":82,"column":null}}]},"3":{"loc":{"start":{"line":86,"column":0},"end":{"line":89,"column":null}},"type":"if","locations":[{"start":{"line":86,"column":0},"end":{"line":89,"column":null}},{"start":{"line":86,"column":0},"end":{"line":89,"column":null}}]},"4":{"loc":{"start":{"line":90,"column":0},"end":{"line":92,"column":null}},"type":"if","locations":[{"start":{"line":90,"column":0},"end":{"line":92,"column":null}},{"start":{"line":90,"column":0},"end":{"line":92,"column":null}}]}},"s":{"0":2,"1":2,"2":2,"3":5,"4":0,"5":0,"6":0,"7":5,"8":10,"9":0,"10":0,"11":5,"12":0,"13":0,"14":0,"15":1,"16":1,"17":0,"18":0,"19":0,"20":0,"21":0,"22":0,"23":0,"24":0},"f":{"0":5,"1":0,"2":5,"3":5,"4":0,"5":1,"6":0,"7":0,"8":0},"b":{"0":[0,0],"1":[5,0],"2":[0,0],"3":[1,0],"4":[0,0]}}
}
