TN:
SF:D:\Users\konagire\Documents\meal\meal_assignment\src\App.vue
FN:1,(anonymous_0)
FN:30,(anonymous_1)
FN:43,render
FNF:3
FNH:3
FNDA:1,(anonymous_0)
FNDA:8,(anonymous_1)
FNDA:8,render
DA:1,1
DA:4,1
DA:7,1
DA:9,1
DA:23,1
DA:31,8
DA:40,1
DA:42,1
DA:43,8
DA:44,1
LF:10
LH:10
BRDA:42,0,0,1
BRDA:42,0,1,0
BRDA:42,1,0,0
BRDA:42,1,1,1
BRDA:43,2,0,8
BRDA:43,2,1,0
BRF:6
BRH:3
end_of_record
TN:
SF:D:\Users\konagire\Documents\meal\meal_assignment\src\components\index.js
FNF:0
FNH:0
LF:0
LH:0
BRF:0
BRH:0
end_of_record
TN:
SF:D:\Users\konagire\Documents\meal\meal_assignment\src\components\cards\detail-recipe.vue
FN:79,(anonymous_1)
FN:91,(anonymous_2)
FN:99,(anonymous_3)
FN:102,(anonymous_4)
FNF:4
FNH:4
FNDA:10,(anonymous_1)
FNDA:620,(anonymous_2)
FNDA:620,(anonymous_3)
FNDA:1,(anonymous_4)
DA:80,10
DA:92,620
DA:93,620
DA:94,620
DA:95,180
DA:97,440
DA:100,620
DA:103,1
LF:8
LH:8
BRDA:94,0,0,180
BRDA:94,0,1,440
BRDA:100,1,0,620
BRDA:100,1,1,620
BRF:4
BRH:4
end_of_record
TN:
SF:D:\Users\konagire\Documents\meal\meal_assignment\src\router\index.js
FNF:0
FNH:0
DA:5,1
DA:7,1
DA:15,1
LF:3
LH:3
BRF:0
BRH:0
end_of_record
TN:
SF:D:\Users\konagire\Documents\meal\meal_assignment\src\services\common\http-client\http-client.js
FN:29,(anonymous_0)
FN:34,(anonymous_1)
FN:45,(anonymous_2)
FN:48,(anonymous_3)
FNF:4
FNH:2
FNDA:5,(anonymous_0)
FNDA:5,(anonymous_1)
FNDA:0,(anonymous_2)
FNDA:0,(anonymous_3)
DA:3,4
DA:9,4
DA:20,4
DA:29,4
DA:31,5
DA:34,4
DA:36,5
DA:40,4
DA:41,4
DA:44,4
DA:46,0
DA:50,0
LF:12
LH:10
BRF:0
BRH:0
end_of_record
TN:
SF:D:\Users\konagire\Documents\meal\meal_assignment\src\services\meal-recipes\meal-recipes.js
FN:3,(anonymous_0)
FN:4,(anonymous_1)
FN:6,(anonymous_2)
FN:7,(anonymous_3)
FNF:4
FNH:4
FNDA:6,(anonymous_0)
FNDA:1,(anonymous_1)
FNDA:1,(anonymous_2)
FNDA:1,(anonymous_3)
DA:3,3
DA:4,6
DA:6,3
DA:7,1
LF:4
LH:4
BRF:0
BRH:0
end_of_record
TN:
SF:D:\Users\konagire\Documents\meal\meal_assignment\src\views\Home.vue
FN:50,(anonymous_1)
FN:61,(anonymous_2)
FN:69,(anonymous_3)
FN:76,(anonymous_4)
FN:77,(anonymous_5)
FN:85,(anonymous_6)
FN:94,(anonymous_7)
FN:97,(anonymous_8)
FN:100,(anonymous_9)
FNF:9
FNH:4
FNDA:5,(anonymous_1)
FNDA:0,(anonymous_2)
FNDA:5,(anonymous_3)
FNDA:5,(anonymous_4)
FNDA:0,(anonymous_5)
FNDA:1,(anonymous_6)
FNDA:0,(anonymous_7)
FNDA:0,(anonymous_8)
FNDA:0,(anonymous_9)
DA:39,2
DA:43,2
DA:44,2
DA:51,5
DA:62,0
DA:63,0
DA:65,0
DA:70,5
DA:71,10
DA:72,0
DA:73,0
DA:77,5
DA:78,0
DA:80,0
DA:81,0
DA:86,1
DA:87,1
DA:88,0
DA:90,0
DA:91,0
DA:93,0
DA:94,0
DA:96,0
DA:99,0
DA:100,0
LF:25
LH:9
BRDA:62,0,0,0
BRDA:62,0,1,0
BRDA:71,1,0,5
BRDA:71,1,1,0
BRDA:80,2,0,0
BRDA:80,2,1,0
BRDA:86,3,0,1
BRDA:86,3,1,0
BRDA:90,4,0,0
BRDA:90,4,1,0
BRF:10
BRH:2
end_of_record
